<?xml version="1.0" encoding="UTF-8"?>
<testsuite xmlns:xsi="http://www.w3.org/2001/XMLSchema-instance" xsi:noNamespaceSchemaLocation="https://maven.apache.org/surefire/maven-surefire-plugin/xsd/surefire-test-report.xsd" name="Cucumber.Cucumber.Runner" time="36.902" tests="11" errors="0" skipped="0" failures="0">
  <properties>
    <property name="sun.desktop" value="windows"/>
    <property name="awt.toolkit" value="sun.awt.windows.WToolkit"/>
    <property name="file.encoding.pkg" value="sun.io"/>
    <property name="java.specification.version" value="1.8"/>
    <property name="sun.cpu.isalist" value="amd64"/>
    <property name="sun.jnu.encoding" value="Cp1252"/>
    <property name="java.class.path" value="D:\Cucumber\Cucumber\target\test-classes;D:\Cucumber\Cucumber\target\classes;C:\Users\daisymanik\.m2\repository\info\cukes\cucumber-core\1.2.4\cucumber-core-1.2.4.jar;C:\Users\daisymanik\.m2\repository\info\cukes\cucumber-html\0.2.3\cucumber-html-0.2.3.jar;C:\Users\daisymanik\.m2\repository\info\cukes\cucumber-jvm-deps\1.0.5\cucumber-jvm-deps-1.0.5.jar;C:\Users\daisymanik\.m2\repository\info\cukes\gherkin\2.12.2\gherkin-2.12.2.jar;C:\Users\daisymanik\.m2\repository\info\cukes\cucumber-java\1.2.4\cucumber-java-1.2.4.jar;C:\Users\daisymanik\.m2\repository\info\cukes\cucumber-junit\1.2.4\cucumber-junit-1.2.4.jar;C:\Users\daisymanik\.m2\repository\junit\junit\4.12\junit-4.12.jar;C:\Users\daisymanik\.m2\repository\org\hamcrest\hamcrest-core\1.3\hamcrest-core-1.3.jar;C:\Users\daisymanik\.m2\repository\org\seleniumhq\selenium\selenium-server\2.53.0\selenium-server-2.53.0.jar;C:\Users\daisymanik\.m2\repository\com\beust\jcommander\1.48\jcommander-1.48.jar;C:\Users\daisymanik\.m2\repository\org\bouncycastle\bcprov-jdk15on\1.48\bcprov-jdk15on-1.48.jar;C:\Users\daisymanik\.m2\repository\org\bouncycastle\bcpkix-jdk15on\1.48\bcpkix-jdk15on-1.48.jar;C:\Users\daisymanik\.m2\repository\mx4j\mx4j-tools\3.0.1\mx4j-tools-3.0.1.jar;C:\Users\daisymanik\.m2\repository\org\seleniumhq\selenium\jetty-repacked\9.2.13.v20150730\jetty-repacked-9.2.13.v20150730.jar;C:\Users\daisymanik\.m2\repository\javax\servlet\javax.servlet-api\3.1.0\javax.servlet-api-3.1.0.jar;C:\Users\daisymanik\.m2\repository\org\seleniumhq\selenium\jetty-rc-repacked\5\jetty-rc-repacked-5.jar;C:\Users\daisymanik\.m2\repository\net\jcip\jcip-annotations\1.0\jcip-annotations-1.0.jar;C:\Users\daisymanik\.m2\repository\org\seleniumhq\selenium\selenium-java\2.53.0\selenium-java-2.53.0.jar;C:\Users\daisymanik\.m2\repository\org\seleniumhq\selenium\selenium-chrome-driver\2.53.0\selenium-chrome-driver-2.53.0.jar;C:\Users\daisymanik\.m2\repository\org\seleniumhq\selenium\selenium-remote-driver\2.53.0\selenium-remote-driver-2.53.0.jar;C:\Users\daisymanik\.m2\repository\cglib\cglib-nodep\2.1_3\cglib-nodep-2.1_3.jar;C:\Users\daisymanik\.m2\repository\com\google\code\gson\gson\2.3.1\gson-2.3.1.jar;C:\Users\daisymanik\.m2\repository\org\seleniumhq\selenium\selenium-api\2.53.0\selenium-api-2.53.0.jar;C:\Users\daisymanik\.m2\repository\org\apache\httpcomponents\httpclient\4.5.1\httpclient-4.5.1.jar;C:\Users\daisymanik\.m2\repository\org\apache\httpcomponents\httpcore\4.4.3\httpcore-4.4.3.jar;C:\Users\daisymanik\.m2\repository\org\seleniumhq\selenium\selenium-edge-driver\2.53.0\selenium-edge-driver-2.53.0.jar;C:\Users\daisymanik\.m2\repository\org\apache\commons\commons-exec\1.3\commons-exec-1.3.jar;C:\Users\daisymanik\.m2\repository\org\seleniumhq\selenium\selenium-firefox-driver\2.53.0\selenium-firefox-driver-2.53.0.jar;C:\Users\daisymanik\.m2\repository\org\seleniumhq\selenium\selenium-ie-driver\2.53.0\selenium-ie-driver-2.53.0.jar;C:\Users\daisymanik\.m2\repository\net\java\dev\jna\jna\4.1.0\jna-4.1.0.jar;C:\Users\daisymanik\.m2\repository\net\java\dev\jna\jna-platform\4.1.0\jna-platform-4.1.0.jar;C:\Users\daisymanik\.m2\repository\org\seleniumhq\selenium\selenium-safari-driver\2.53.0\selenium-safari-driver-2.53.0.jar;C:\Users\daisymanik\.m2\repository\io\netty\netty\3.5.7.Final\netty-3.5.7.Final.jar;C:\Users\daisymanik\.m2\repository\org\seleniumhq\selenium\selenium-support\2.53.0\selenium-support-2.53.0.jar;C:\Users\daisymanik\.m2\repository\org\seleniumhq\selenium\selenium-leg-rc\2.53.0\selenium-leg-rc-2.53.0.jar;C:\Users\daisymanik\.m2\repository\org\yaml\snakeyaml\1.8\snakeyaml-1.8.jar;C:\Users\daisymanik\.m2\repository\commons-codec\commons-codec\1.10\commons-codec-1.10.jar;C:\Users\daisymanik\.m2\repository\ru\yandex\qatools\allure\allure-cucumber-jvm-adaptor\1.5.1\allure-cucumber-jvm-adaptor-1.5.1.jar;C:\Users\daisymanik\.m2\repository\ru\yandex\qatools\allure\allure-java-aspects\1.4.15\allure-java-aspects-1.4.15.jar;C:\Users\daisymanik\.m2\repository\ru\yandex\qatools\allure\allure-java-adaptor-api\1.4.15\allure-java-adaptor-api-1.4.15.jar;C:\Users\daisymanik\.m2\repository\ru\yandex\qatools\allure\allure-java-annotations\1.4.15\allure-java-annotations-1.4.15.jar;C:\Users\daisymanik\.m2\repository\org\apache\tika\tika-core\1.7\tika-core-1.7.jar;C:\Users\daisymanik\.m2\repository\org\aspectj\aspectjrt\1.8.3\aspectjrt-1.8.3.jar;C:\Users\daisymanik\.m2\repository\ru\yandex\qatools\allure\allure-commons\1.4.15\allure-commons-1.4.15.jar;C:\Users\daisymanik\.m2\repository\ru\yandex\qatools\allure\allure-model\1.4.15\allure-model-1.4.15.jar;C:\Users\daisymanik\.m2\repository\org\jvnet\jaxb2_commons\jaxb2-basics-runtime\0.9.3\jaxb2-basics-runtime-0.9.3.jar;C:\Users\daisymanik\.m2\repository\ru\yandex\qatools\properties\properties-loader\1.5\properties-loader-1.5.jar;C:\Users\daisymanik\.m2\repository\org\slf4j\slf4j-api\1.7.12\slf4j-api-1.7.12.jar;C:\Users\daisymanik\.m2\repository\org\apache\commons\commons-lang3\3.3.2\commons-lang3-3.3.2.jar;C:\Users\daisymanik\.m2\repository\com\vimalselvam\cucumber-extentsreport\1.1.0\cucumber-extentsreport-1.1.0.jar;C:\Users\daisymanik\.m2\repository\com\relevantcodes\extentreports\2.41.0\extentreports-2.41.0.jar;C:\Users\daisymanik\.m2\repository\org\xerial\sqlite-jdbc\3.8.11.1\sqlite-jdbc-3.8.11.1.jar;C:\Users\daisymanik\.m2\repository\org\freemarker\freemarker\2.3.23\freemarker-2.3.23.jar;C:\Users\daisymanik\.m2\repository\org\mongodb\mongodb-driver\3.0.4\mongodb-driver-3.0.4.jar;C:\Users\daisymanik\.m2\repository\org\mongodb\bson\3.0.4\bson-3.0.4.jar;C:\Users\daisymanik\.m2\repository\org\mongodb\mongodb-driver-core\3.0.4\mongodb-driver-core-3.0.4.jar;C:\Users\daisymanik\.m2\repository\org\apache\directory\studio\org.apache.commons.codec\1.8\org.apache.commons.codec-1.8.jar;C:\Users\daisymanik\.m2\repository\info\cukes\cucumber-picocontainer\1.2.4\cucumber-picocontainer-1.2.4.jar;C:\Users\daisymanik\.m2\repository\org\picocontainer\picocontainer\2.15\picocontainer-2.15.jar;C:\Users\daisymanik\.m2\repository\net\masterthought\cucumber-reporting\3.12.0\cucumber-reporting-3.12.0.jar;C:\Users\daisymanik\.m2\repository\org\apache\logging\log4j\log4j-api\2.8.2\log4j-api-2.8.2.jar;C:\Users\daisymanik\.m2\repository\org\apache\logging\log4j\log4j-core\2.8.2\log4j-core-2.8.2.jar;C:\Users\daisymanik\.m2\repository\com\fasterxml\jackson\core\jackson-databind\2.8.6\jackson-databind-2.8.6.jar;C:\Users\daisymanik\.m2\repository\com\fasterxml\jackson\core\jackson-annotations\2.8.0\jackson-annotations-2.8.0.jar;C:\Users\daisymanik\.m2\repository\com\fasterxml\jackson\core\jackson-core\2.8.6\jackson-core-2.8.6.jar;C:\Users\daisymanik\.m2\repository\org\apache\velocity\velocity\1.7\velocity-1.7.jar;C:\Users\daisymanik\.m2\repository\commons-collections\commons-collections\3.2.1\commons-collections-3.2.1.jar;C:\Users\daisymanik\.m2\repository\commons-lang\commons-lang\2.4\commons-lang-2.4.jar;C:\Users\daisymanik\.m2\repository\velocity-tools\velocity-tools\1.4\velocity-tools-1.4.jar;C:\Users\daisymanik\.m2\repository\joda-time\joda-time\2.9.9\joda-time-2.9.9.jar;C:\Users\daisymanik\.m2\repository\commons-io\commons-io\2.5\commons-io-2.5.jar;C:\Users\daisymanik\.m2\repository\net\lingala\zip4j\zip4j\1.3.2\zip4j-1.3.2.jar;C:\Users\daisymanik\.m2\repository\org\codehaus\plexus\plexus-utils\3.0.24\plexus-utils-3.0.24.jar;C:\Users\daisymanik\.m2\repository\org\jsoup\jsoup\1.10.3\jsoup-1.10.3.jar;C:\Users\daisymanik\.m2\repository\com\googlecode\owasp-java-html-sanitizer\owasp-java-html-sanitizer\20170515.1\owasp-java-html-sanitizer-20170515.1.jar;C:\Users\daisymanik\.m2\repository\com\google\guava\guava\20.0\guava-20.0.jar;C:\Users\daisymanik\.m2\repository\commons-configuration\commons-configuration\1.6\commons-configuration-1.6.jar;C:\Users\daisymanik\.m2\repository\commons-logging\commons-logging\1.1.1\commons-logging-1.1.1.jar;C:\Users\daisymanik\.m2\repository\commons-digester\commons-digester\1.8\commons-digester-1.8.jar;C:\Users\daisymanik\.m2\repository\commons-beanutils\commons-beanutils\1.7.0\commons-beanutils-1.7.0.jar;C:\Users\daisymanik\.m2\repository\commons-beanutils\commons-beanutils-core\1.8.0\commons-beanutils-core-1.8.0.jar;"/>
    <property name="java.vm.vendor" value="Oracle Corporation"/>
    <property name="sun.arch.data.model" value="64"/>
    <property name="user.variant" value=""/>
    <property name="java.vendor.url" value="http://java.oracle.com/"/>
    <property name="user.timezone" value=""/>
    <property name="java.vm.specification.version" value="1.8"/>
    <property name="os.name" value="Windows 7"/>
    <property name="user.country" value="IN"/>
    <property name="sun.java.launcher" value="SUN_STANDARD"/>
    <property name="sun.boot.library.path" value="C:\Program Files\Java\jdk1.8.0_144\jre\bin"/>
    <property name="sun.java.command" value="C:\Users\DAISYM~1\AppData\Local\Temp\surefire75401886410747182\surefirebooter8798791794629378300.jar C:\Users\daisymanik\AppData\Local\Temp\surefire75401886410747182 2017-12-17T11-43-35_399-jvmRun1 surefire4334813754217283184tmp surefire_03064986640807944521tmp"/>
    <property name="surefire.test.class.path" value="D:\Cucumber\Cucumber\target\test-classes;D:\Cucumber\Cucumber\target\classes;C:\Users\daisymanik\.m2\repository\info\cukes\cucumber-core\1.2.4\cucumber-core-1.2.4.jar;C:\Users\daisymanik\.m2\repository\info\cukes\cucumber-html\0.2.3\cucumber-html-0.2.3.jar;C:\Users\daisymanik\.m2\repository\info\cukes\cucumber-jvm-deps\1.0.5\cucumber-jvm-deps-1.0.5.jar;C:\Users\daisymanik\.m2\repository\info\cukes\gherkin\2.12.2\gherkin-2.12.2.jar;C:\Users\daisymanik\.m2\repository\info\cukes\cucumber-java\1.2.4\cucumber-java-1.2.4.jar;C:\Users\daisymanik\.m2\repository\info\cukes\cucumber-junit\1.2.4\cucumber-junit-1.2.4.jar;C:\Users\daisymanik\.m2\repository\junit\junit\4.12\junit-4.12.jar;C:\Users\daisymanik\.m2\repository\org\hamcrest\hamcrest-core\1.3\hamcrest-core-1.3.jar;C:\Users\daisymanik\.m2\repository\org\seleniumhq\selenium\selenium-server\2.53.0\selenium-server-2.53.0.jar;C:\Users\daisymanik\.m2\repository\com\beust\jcommander\1.48\jcommander-1.48.jar;C:\Users\daisymanik\.m2\repository\org\bouncycastle\bcprov-jdk15on\1.48\bcprov-jdk15on-1.48.jar;C:\Users\daisymanik\.m2\repository\org\bouncycastle\bcpkix-jdk15on\1.48\bcpkix-jdk15on-1.48.jar;C:\Users\daisymanik\.m2\repository\mx4j\mx4j-tools\3.0.1\mx4j-tools-3.0.1.jar;C:\Users\daisymanik\.m2\repository\org\seleniumhq\selenium\jetty-repacked\9.2.13.v20150730\jetty-repacked-9.2.13.v20150730.jar;C:\Users\daisymanik\.m2\repository\javax\servlet\javax.servlet-api\3.1.0\javax.servlet-api-3.1.0.jar;C:\Users\daisymanik\.m2\repository\org\seleniumhq\selenium\jetty-rc-repacked\5\jetty-rc-repacked-5.jar;C:\Users\daisymanik\.m2\repository\net\jcip\jcip-annotations\1.0\jcip-annotations-1.0.jar;C:\Users\daisymanik\.m2\repository\org\seleniumhq\selenium\selenium-java\2.53.0\selenium-java-2.53.0.jar;C:\Users\daisymanik\.m2\repository\org\seleniumhq\selenium\selenium-chrome-driver\2.53.0\selenium-chrome-driver-2.53.0.jar;C:\Users\daisymanik\.m2\repository\org\seleniumhq\selenium\selenium-remote-driver\2.53.0\selenium-remote-driver-2.53.0.jar;C:\Users\daisymanik\.m2\repository\cglib\cglib-nodep\2.1_3\cglib-nodep-2.1_3.jar;C:\Users\daisymanik\.m2\repository\com\google\code\gson\gson\2.3.1\gson-2.3.1.jar;C:\Users\daisymanik\.m2\repository\org\seleniumhq\selenium\selenium-api\2.53.0\selenium-api-2.53.0.jar;C:\Users\daisymanik\.m2\repository\org\apache\httpcomponents\httpclient\4.5.1\httpclient-4.5.1.jar;C:\Users\daisymanik\.m2\repository\org\apache\httpcomponents\httpcore\4.4.3\httpcore-4.4.3.jar;C:\Users\daisymanik\.m2\repository\org\seleniumhq\selenium\selenium-edge-driver\2.53.0\selenium-edge-driver-2.53.0.jar;C:\Users\daisymanik\.m2\repository\org\apache\commons\commons-exec\1.3\commons-exec-1.3.jar;C:\Users\daisymanik\.m2\repository\org\seleniumhq\selenium\selenium-firefox-driver\2.53.0\selenium-firefox-driver-2.53.0.jar;C:\Users\daisymanik\.m2\repository\org\seleniumhq\selenium\selenium-ie-driver\2.53.0\selenium-ie-driver-2.53.0.jar;C:\Users\daisymanik\.m2\repository\net\java\dev\jna\jna\4.1.0\jna-4.1.0.jar;C:\Users\daisymanik\.m2\repository\net\java\dev\jna\jna-platform\4.1.0\jna-platform-4.1.0.jar;C:\Users\daisymanik\.m2\repository\org\seleniumhq\selenium\selenium-safari-driver\2.53.0\selenium-safari-driver-2.53.0.jar;C:\Users\daisymanik\.m2\repository\io\netty\netty\3.5.7.Final\netty-3.5.7.Final.jar;C:\Users\daisymanik\.m2\repository\org\seleniumhq\selenium\selenium-support\2.53.0\selenium-support-2.53.0.jar;C:\Users\daisymanik\.m2\repository\org\seleniumhq\selenium\selenium-leg-rc\2.53.0\selenium-leg-rc-2.53.0.jar;C:\Users\daisymanik\.m2\repository\org\yaml\snakeyaml\1.8\snakeyaml-1.8.jar;C:\Users\daisymanik\.m2\repository\commons-codec\commons-codec\1.10\commons-codec-1.10.jar;C:\Users\daisymanik\.m2\repository\ru\yandex\qatools\allure\allure-cucumber-jvm-adaptor\1.5.1\allure-cucumber-jvm-adaptor-1.5.1.jar;C:\Users\daisymanik\.m2\repository\ru\yandex\qatools\allure\allure-java-aspects\1.4.15\allure-java-aspects-1.4.15.jar;C:\Users\daisymanik\.m2\repository\ru\yandex\qatools\allure\allure-java-adaptor-api\1.4.15\allure-java-adaptor-api-1.4.15.jar;C:\Users\daisymanik\.m2\repository\ru\yandex\qatools\allure\allure-java-annotations\1.4.15\allure-java-annotations-1.4.15.jar;C:\Users\daisymanik\.m2\repository\org\apache\tika\tika-core\1.7\tika-core-1.7.jar;C:\Users\daisymanik\.m2\repository\org\aspectj\aspectjrt\1.8.3\aspectjrt-1.8.3.jar;C:\Users\daisymanik\.m2\repository\ru\yandex\qatools\allure\allure-commons\1.4.15\allure-commons-1.4.15.jar;C:\Users\daisymanik\.m2\repository\ru\yandex\qatools\allure\allure-model\1.4.15\allure-model-1.4.15.jar;C:\Users\daisymanik\.m2\repository\org\jvnet\jaxb2_commons\jaxb2-basics-runtime\0.9.3\jaxb2-basics-runtime-0.9.3.jar;C:\Users\daisymanik\.m2\repository\ru\yandex\qatools\properties\properties-loader\1.5\properties-loader-1.5.jar;C:\Users\daisymanik\.m2\repository\org\slf4j\slf4j-api\1.7.12\slf4j-api-1.7.12.jar;C:\Users\daisymanik\.m2\repository\org\apache\commons\commons-lang3\3.3.2\commons-lang3-3.3.2.jar;C:\Users\daisymanik\.m2\repository\com\vimalselvam\cucumber-extentsreport\1.1.0\cucumber-extentsreport-1.1.0.jar;C:\Users\daisymanik\.m2\repository\com\relevantcodes\extentreports\2.41.0\extentreports-2.41.0.jar;C:\Users\daisymanik\.m2\repository\org\xerial\sqlite-jdbc\3.8.11.1\sqlite-jdbc-3.8.11.1.jar;C:\Users\daisymanik\.m2\repository\org\freemarker\freemarker\2.3.23\freemarker-2.3.23.jar;C:\Users\daisymanik\.m2\repository\org\mongodb\mongodb-driver\3.0.4\mongodb-driver-3.0.4.jar;C:\Users\daisymanik\.m2\repository\org\mongodb\bson\3.0.4\bson-3.0.4.jar;C:\Users\daisymanik\.m2\repository\org\mongodb\mongodb-driver-core\3.0.4\mongodb-driver-core-3.0.4.jar;C:\Users\daisymanik\.m2\repository\org\apache\directory\studio\org.apache.commons.codec\1.8\org.apache.commons.codec-1.8.jar;C:\Users\daisymanik\.m2\repository\info\cukes\cucumber-picocontainer\1.2.4\cucumber-picocontainer-1.2.4.jar;C:\Users\daisymanik\.m2\repository\org\picocontainer\picocontainer\2.15\picocontainer-2.15.jar;C:\Users\daisymanik\.m2\repository\net\masterthought\cucumber-reporting\3.12.0\cucumber-reporting-3.12.0.jar;C:\Users\daisymanik\.m2\repository\org\apache\logging\log4j\log4j-api\2.8.2\log4j-api-2.8.2.jar;C:\Users\daisymanik\.m2\repository\org\apache\logging\log4j\log4j-core\2.8.2\log4j-core-2.8.2.jar;C:\Users\daisymanik\.m2\repository\com\fasterxml\jackson\core\jackson-databind\2.8.6\jackson-databind-2.8.6.jar;C:\Users\daisymanik\.m2\repository\com\fasterxml\jackson\core\jackson-annotations\2.8.0\jackson-annotations-2.8.0.jar;C:\Users\daisymanik\.m2\repository\com\fasterxml\jackson\core\jackson-core\2.8.6\jackson-core-2.8.6.jar;C:\Users\daisymanik\.m2\repository\org\apache\velocity\velocity\1.7\velocity-1.7.jar;C:\Users\daisymanik\.m2\repository\commons-collections\commons-collections\3.2.1\commons-collections-3.2.1.jar;C:\Users\daisymanik\.m2\repository\commons-lang\commons-lang\2.4\commons-lang-2.4.jar;C:\Users\daisymanik\.m2\repository\velocity-tools\velocity-tools\1.4\velocity-tools-1.4.jar;C:\Users\daisymanik\.m2\repository\joda-time\joda-time\2.9.9\joda-time-2.9.9.jar;C:\Users\daisymanik\.m2\repository\commons-io\commons-io\2.5\commons-io-2.5.jar;C:\Users\daisymanik\.m2\repository\net\lingala\zip4j\zip4j\1.3.2\zip4j-1.3.2.jar;C:\Users\daisymanik\.m2\repository\org\codehaus\plexus\plexus-utils\3.0.24\plexus-utils-3.0.24.jar;C:\Users\daisymanik\.m2\repository\org\jsoup\jsoup\1.10.3\jsoup-1.10.3.jar;C:\Users\daisymanik\.m2\repository\com\googlecode\owasp-java-html-sanitizer\owasp-java-html-sanitizer\20170515.1\owasp-java-html-sanitizer-20170515.1.jar;C:\Users\daisymanik\.m2\repository\com\google\guava\guava\20.0\guava-20.0.jar;C:\Users\daisymanik\.m2\repository\commons-configuration\commons-configuration\1.6\commons-configuration-1.6.jar;C:\Users\daisymanik\.m2\repository\commons-logging\commons-logging\1.1.1\commons-logging-1.1.1.jar;C:\Users\daisymanik\.m2\repository\commons-digester\commons-digester\1.8\commons-digester-1.8.jar;C:\Users\daisymanik\.m2\repository\commons-beanutils\commons-beanutils\1.7.0\commons-beanutils-1.7.0.jar;C:\Users\daisymanik\.m2\repository\commons-beanutils\commons-beanutils-core\1.8.0\commons-beanutils-core-1.8.0.jar;"/>
    <property name="sun.cpu.endian" value="little"/>
    <property name="user.home" value="C:\Users\daisymanik"/>
    <property name="user.language" value="en"/>
    <property name="java.specification.vendor" value="Oracle Corporation"/>
    <property name="java.home" value="C:\Program Files\Java\jdk1.8.0_144\jre"/>
    <property name="basedir" value="D:\Cucumber\Cucumber"/>
    <property name="file.separator" value="\"/>
    <property name="line.separator" value="&#10;"/>
    <property name="java.vm.specification.vendor" value="Oracle Corporation"/>
    <property name="java.specification.name" value="Java Platform API Specification"/>
    <property name="java.awt.graphicsenv" value="sun.awt.Win32GraphicsEnvironment"/>
    <property name="surefire.real.class.path" value="C:\Users\DAISYM~1\AppData\Local\Temp\surefire75401886410747182\surefirebooter8798791794629378300.jar"/>
    <property name="sun.boot.class.path" value="C:\Program Files\Java\jdk1.8.0_144\jre\lib\resources.jar;C:\Program Files\Java\jdk1.8.0_144\jre\lib\rt.jar;C:\Program Files\Java\jdk1.8.0_144\jre\lib\sunrsasign.jar;C:\Program Files\Java\jdk1.8.0_144\jre\lib\jsse.jar;C:\Program Files\Java\jdk1.8.0_144\jre\lib\jce.jar;C:\Program Files\Java\jdk1.8.0_144\jre\lib\charsets.jar;C:\Program Files\Java\jdk1.8.0_144\jre\lib\jfr.jar;C:\Program Files\Java\jdk1.8.0_144\jre\classes"/>
    <property name="user.script" value=""/>
    <property name="sun.management.compiler" value="HotSpot 64-Bit Tiered Compilers"/>
    <property name="java.runtime.version" value="1.8.0_144-b01"/>
    <property name="user.name" value="daisymanik"/>
    <property name="path.separator" value=";"/>
    <property name="os.version" value="6.1"/>
    <property name="java.endorsed.dirs" value="C:\Program Files\Java\jdk1.8.0_144\jre\lib\endorsed"/>
    <property name="java.runtime.name" value="Java(TM) SE Runtime Environment"/>
    <property name="file.encoding" value="Cp1252"/>
    <property name="java.vm.name" value="Java HotSpot(TM) 64-Bit Server VM"/>
    <property name="localRepository" value="C:\Users\daisymanik\.m2\repository"/>
    <property name="java.vendor.url.bug" value="http://bugreport.sun.com/bugreport/"/>
    <property name="java.io.tmpdir" value="C:\Users\DAISYM~1\AppData\Local\Temp\"/>
    <property name="java.version" value="1.8.0_144"/>
    <property name="user.dir" value="D:\Cucumber\Cucumber"/>
    <property name="os.arch" value="amd64"/>
    <property name="java.vm.specification.name" value="Java Virtual Machine Specification"/>
    <property name="java.awt.printerjob" value="sun.awt.windows.WPrinterJob"/>
    <property name="sun.os.patch.level" value="Service Pack 1"/>
    <property name="java.library.path" value="C:\Program Files\Java\jdk1.8.0_144\jre\bin;C:\Windows\Sun\Java\bin;C:\Windows\system32;C:\Windows;C:\Program Files\Java\jdk1.8.0_144/bin;C:\Program Files\Java\jdk1.8.0_144/bin;C:\ProgramData\Oracle\Java\javapath;C:\Program Files (x86)\Intel\iCLS Client\;C:\Program Files\Intel\iCLS Client\;C:\Windows\system32;C:\Windows;C:\Windows\System32\Wbem;C:\Windows\System32\WindowsPowerShell\v1.0\;C:\Program Files\Intel\WiFi\bin\;C:\Program Files\Common Files\Intel\WirelessCommon\;C:\Program Files\Intel\Intel(R) Management Engine Components\DAL;C:\Program Files (x86)\Intel\Intel(R) Management Engine Components\DAL;C:\Program Files\Intel\Intel(R) Management Engine Components\IPT;C:\Program Files (x86)\Intel\Intel(R) Management Engine Components\IPT\;C:\Program Files\Java\jdk1.8.0_144\bin\;D:\SCB\apache-maven-3.5.0-bin\apache-maven-3.5.0\bin;C:\Program Files\PuTTY\;C:\xampp\php;C:\xampp\tomcat\lib;;."/>
    <property name="java.vm.info" value="mixed mode"/>
    <property name="java.vendor" value="Oracle Corporation"/>
    <property name="java.vm.version" value="25.144-b01"/>
    <property name="java.ext.dirs" value="C:\Program Files\Java\jdk1.8.0_144\jre\lib\ext;C:\Windows\Sun\Java\lib\ext"/>
    <property name="sun.io.unicode.encoding" value="UnicodeLittle"/>
    <property name="java.class.version" value="52.0"/>
  </properties>
  <testcase name="Given I am a valid user" classname="| natarajan.ramanathan93@gmail.com | Welcome123 |" time="0.001"/>
  <testcase name="When I enter the username as natarajan.ramanathan93@gmail.com" classname="| natarajan.ramanathan93@gmail.com | Welcome123 |" time="0.001"/>
  <testcase name="And I enter the password as Welcome123" classname="| natarajan.ramanathan93@gmail.com | Welcome123 |" time="0"/>
  <testcase name="And I click on the SignIn button" classname="| natarajan.ramanathan93@gmail.com | Welcome123 |" time="0"/>
  <testcase name="Then I should be navigated to the dashboard" classname="| natarajan.ramanathan93@gmail.com | Welcome123 |" time="0"/>
  <testcase name="| natarajan.ramanathan93@gmail.com | Welcome123 |" classname="| natarajan.ramanathan93@gmail.com | Welcome123 |" time="0.308"/>
  <testcase name="Given I am a valid user" classname="Scenario: Insurance Records" time="0.001"/>
  <testcase name="When I enter the insurance records" classname="Scenario: Insurance Records" time="0"/>
  <testcase name="And I post it" classname="Scenario: Insurance Records" time="0"/>
  <testcase name="Then I should be able to retrieve the data from DB" classname="Scenario: Insurance Records" time="0"/>
  <testcase name="Scenario: Insurance Records" classname="Scenario: Insurance Records" time="0.35"/>
</testsuite>